Using pre-set license
Built from '2021.3/staging' branch; Version is '2021.3.11f1 (0a5ca18544bf) revision 679073'; Using compiler version '192829333'; Build Type 'Release'
OS: 'Windows 11  (10.0.22000) 64bit Core' Language: 'en' Physical Memory: 15722 MB
BatchMode: 1, IsHumanControllingUs: 0, StartBugReporterOnCrash: 0, Is64bit: 1, IsPro: 1

COMMAND LINE ARGUMENTS:
C:\Program Files\Unity\Hub\Editor\2021.3.11f1\Editor\Unity.exe
-adb2
-batchMode
-noUpm
-name
AssetImportWorker3
-projectPath
C:/Users/marti/OneDrive - Dundalk Institute of Technology/Documents/GitHub/FinalVR/VrProjectTemplate
-logFile
Logs/AssetImportWorker3.log
-srvPort
55946
Successfully changed project path to: C:/Users/marti/OneDrive - Dundalk Institute of Technology/Documents/GitHub/FinalVR/VrProjectTemplate
C:/Users/marti/OneDrive - Dundalk Institute of Technology/Documents/GitHub/FinalVR/VrProjectTemplate
[UnityMemory] Configuration Parameters - Can be set up in boot.config
    "memorysetup-bucket-allocator-granularity=16"
    "memorysetup-bucket-allocator-bucket-count=8"
    "memorysetup-bucket-allocator-block-size=33554432"
    "memorysetup-bucket-allocator-block-count=8"
    "memorysetup-main-allocator-block-size=16777216"
    "memorysetup-thread-allocator-block-size=16777216"
    "memorysetup-gfx-main-allocator-block-size=16777216"
    "memorysetup-gfx-thread-allocator-block-size=16777216"
    "memorysetup-cache-allocator-block-size=4194304"
    "memorysetup-typetree-allocator-block-size=2097152"
    "memorysetup-profiler-bucket-allocator-granularity=16"
    "memorysetup-profiler-bucket-allocator-bucket-count=8"
    "memorysetup-profiler-bucket-allocator-block-size=33554432"
    "memorysetup-profiler-bucket-allocator-block-count=8"
    "memorysetup-profiler-allocator-block-size=16777216"
    "memorysetup-profiler-editor-allocator-block-size=1048576"
    "memorysetup-temp-allocator-size-main=16777216"
    "memorysetup-job-temp-allocator-block-size=2097152"
    "memorysetup-job-temp-allocator-block-size-background=1048576"
    "memorysetup-job-temp-allocator-reduction-small-platforms=262144"
    "memorysetup-temp-allocator-size-background-worker=32768"
    "memorysetup-temp-allocator-size-job-worker=262144"
    "memorysetup-temp-allocator-size-preload-manager=33554432"
    "memorysetup-temp-allocator-size-nav-mesh-worker=65536"
    "memorysetup-temp-allocator-size-audio-worker=65536"
    "memorysetup-temp-allocator-size-cloud-worker=32768"
    "memorysetup-temp-allocator-size-gi-baking-worker=262144"
    "memorysetup-temp-allocator-size-gfx=262144"
Refreshing native plugins compatible for Editor in 176.26 ms, found 12 plugins.
Preloading 1 native plugins for Editor in 3.42 ms.
Initialize engine version: 2021.3.11f1 (0a5ca18544bf)
[Subsystems] Discovering subsystems at path C:/Program Files/Unity/Hub/Editor/2021.3.11f1/Editor/Data/Resources/UnitySubsystems
[Subsystems] Discovering subsystems at path C:/Users/marti/OneDrive - Dundalk Institute of Technology/Documents/GitHub/FinalVR/VrProjectTemplate/Assets
GfxDevice: creating device client; threaded=0; jobified=0
Direct3D:
    Version:  Direct3D 11.0 [level 11.1]
    Renderer: AMD Radeon(TM) Graphics (ID=0x164c)
    Vendor:   ATI
    VRAM:     7861 MB
    Driver:   27.20.14016.13
Initialize mono
Mono path[0] = 'C:/Program Files/Unity/Hub/Editor/2021.3.11f1/Editor/Data/Managed'
Mono path[1] = 'C:/Program Files/Unity/Hub/Editor/2021.3.11f1/Editor/Data/MonoBleedingEdge/lib/mono/unityjit-win32'
Mono config path = 'C:/Program Files/Unity/Hub/Editor/2021.3.11f1/Editor/Data/MonoBleedingEdge/etc'
Using monoOptions --debugger-agent=transport=dt_socket,embedding=1,server=y,suspend=n,address=127.0.0.1:56804
Begin MonoManager ReloadAssembly
Registering precompiled unity dll's ...
Register platform support module: C:/Program Files/Unity/Hub/Editor/2021.3.11f1/Editor/Data/PlaybackEngines/WebGLSupport/UnityEditor.WebGL.Extensions.dll
Register platform support module: C:/Program Files/Unity/Hub/Editor/2021.3.11f1/Editor/Data/PlaybackEngines/WindowsStandaloneSupport/UnityEditor.WindowsStandalone.Extensions.dll
Registered in 0.007613 seconds.
Native extension for WindowsStandalone target not found
Native extension for WebGL target not found
Refreshing native plugins compatible for Editor in 160.73 ms, found 12 plugins.
Preloading 1 native plugins for Editor in 0.09 ms.
Mono: successfully reloaded assembly
- Completed reload, in  0.885 seconds
Domain Reload Profiling:
	ReloadAssembly (886ms)
		BeginReloadAssembly (89ms)
			ExecutionOrderSort (0ms)
			DisableScriptedObjects (0ms)
			BackupInstance (0ms)
			ReleaseScriptingObjects (0ms)
			CreateAndSetChildDomain (1ms)
		EndReloadAssembly (665ms)
			LoadAssemblies (85ms)
			RebuildTransferFunctionScriptingTraits (0ms)
			SetupTypeCache (142ms)
			ReleaseScriptCaches (0ms)
			RebuildScriptCaches (50ms)
			SetupLoadedEditorAssemblies (401ms)
				LogAssemblyErrors (0ms)
				InitializePlatformSupportModulesInManaged (11ms)
				SetLoadedEditorAssemblies (0ms)
				RefreshPlugins (161ms)
				BeforeProcessingInitializeOnLoad (2ms)
				ProcessInitializeOnLoadAttributes (169ms)
				ProcessInitializeOnLoadMethodAttributes (59ms)
				AfterProcessingInitializeOnLoad (0ms)
				EditorAssembliesLoaded (0ms)
			ExecutionOrderSort2 (0ms)
			AwakeInstancesAfterBackupRestoration (0ms)
Platform modules already initialized, skipping
Registering precompiled user dll's ...
Registered in 0.015657 seconds.
Begin MonoManager ReloadAssembly
Symbol file LoadedFromMemory doesn't match image C:\Users\marti\OneDrive - Dundalk Institute of Technology\Documents\GitHub\FinalVR\VrProjectTemplate\Library\PackageCache\com.unity.visualscripting@1.7.8\Editor\VisualScripting.Core\Dependencies\DotNetZip\Unity.VisualScripting.IonicZip.dll
Symbol file LoadedFromMemory doesn't match image C:\Users\marti\OneDrive - Dundalk Institute of Technology\Documents\GitHub\FinalVR\VrProjectTemplate\Library\PackageCache\com.unity.visualscripting@1.7.8\Editor\VisualScripting.Core\Dependencies\YamlDotNet\Unity.VisualScripting.YamlDotNet.dll
Native extension for WindowsStandalone target not found
Native extension for WebGL target not found
Refreshing native plugins compatible for Editor in 162.91 ms, found 12 plugins.
Preloading 1 native plugins for Editor in 0.17 ms.
Package Manager log level set to [2]
System.Reflection.TargetInvocationException: Exception has been thrown by the target of an invocation. ---> System.NullReferenceException: Object reference not set to an instance of an object
  at Unity.XR.Oculus.OculusLoader.AssetPathToAbsolutePath (System.String assetPath) [0x0003d] in C:\Users\marti\OneDrive - Dundalk Institute of Technology\Documents\GitHub\FinalVR\VrProjectTemplate\Library\PackageCache\com.unity.xr.oculus@3.0.2\Runtime\OculusLoader.cs:271 
  at Unity.XR.Oculus.OculusLoader.EditorLoadOVRPlugin () [0x0007b] in C:\Users\marti\OneDrive - Dundalk Institute of Technology\Documents\GitHub\FinalVR\VrProjectTemplate\Library\PackageCache\com.unity.xr.oculus@3.0.2\Runtime\OculusLoader.cs:256 
  at (wrapper managed-to-native) System.Reflection.RuntimeMethodInfo.InternalInvoke(System.Reflection.RuntimeMethodInfo,object,object[],System.Exception&)
  at System.Reflection.RuntimeMethodInfo.Invoke (System.Object obj, System.Reflection.BindingFlags invokeAttr, System.Reflection.Binder binder, System.Object[] parameters, System.Globalization.CultureInfo culture) [0x0006a] in <9aad1b3a47484d63ba2b3985692d80e9>:0 
   --- End of inner exception stack trace ---
  at System.Reflection.RuntimeMethodInfo.Invoke (System.Object obj, System.Reflection.BindingFlags invokeAttr, System.Reflection.Binder binder, System.Object[] parameters, System.Globalization.CultureInfo culture) [0x00083] in <9aad1b3a47484d63ba2b3985692d80e9>:0 
  at System.Reflection.MethodBase.Invoke (System.Object obj, System.Object[] parameters) [0x00000] in <9aad1b3a47484d63ba2b3985692d80e9>:0 
  at UnityEditor.EditorAssemblies.ProcessInitializeOnLoadMethodAttributes () [0x000a5] in <4e64905d831f4883a53259ef37fb023b>:0 
UnityEngine.StackTraceUtility:ExtractStackTrace ()
UnityEngine.DebugLogHandler:LogFormat (UnityEngine.LogType,UnityEngine.Object,string,object[])
UnityEngine.Logger:Log (UnityEngine.LogType,object)
UnityEngine.Debug:LogError (object)
UnityEditor.EditorAssemblies:ProcessInitializeOnLoadMethodAttributes ()

Mono: successfully reloaded assembly
- Completed reload, in  1.906 seconds
Domain Reload Profiling:
	ReloadAssembly (1907ms)
		BeginReloadAssembly (162ms)
			ExecutionOrderSort (0ms)
			DisableScriptedObjects (6ms)
			BackupInstance (0ms)
			ReleaseScriptingObjects (1ms)
			CreateAndSetChildDomain (33ms)
		EndReloadAssembly (1598ms)
			LoadAssemblies (125ms)
			RebuildTransferFunctionScriptingTraits (0ms)
			SetupTypeCache (365ms)
			ReleaseScriptCaches (2ms)
			RebuildScriptCaches (93ms)
			SetupLoadedEditorAssemblies (948ms)
				LogAssemblyErrors (0ms)
				InitializePlatformSupportModulesInManaged (5ms)
				SetLoadedEditorAssemblies (0ms)
				RefreshPlugins (163ms)
				BeforeProcessingInitializeOnLoad (164ms)
				ProcessInitializeOnLoadAttributes (486ms)
				ProcessInitializeOnLoadMethodAttributes (122ms)
				AfterProcessingInitializeOnLoad (8ms)
				EditorAssembliesLoaded (0ms)
			ExecutionOrderSort2 (0ms)
			AwakeInstancesAfterBackupRestoration (7ms)
Platform modules already initialized, skipping
========================================================================
Worker process is ready to serve import requests
Launched and connected shader compiler UnityShaderCompiler.exe after 0.06 seconds
Refreshing native plugins compatible for Editor in 2.29 ms, found 12 plugins.
Preloading 1 native plugins for Editor in 0.15 ms.
Unloading 6371 Unused Serialized files (Serialized files now loaded: 0)
Unloading 62 unused Assets / (0.8 MB). Loaded Objects now: 6806.
Memory consumption went from 255.8 MB to 255.1 MB.
Total: 6.409000 ms (FindLiveObjects: 0.742800 ms CreateObjectMapping: 0.353200 ms MarkObjects: 4.514400 ms  DeleteObjects: 0.796800 ms)

AssetImportParameters requested are different than current active one (requested -> active):
  custom:video-decoder-ogg-theora: a1e56fd34408186e4bbccfd4996cb3dc -> 
  custom:container-muxer-webm: aa71ff27fc2769a1b78a27578f13a17b -> 
  custom:container-demuxer-webm: 4f35f7cbe854078d1ac9338744f61a02 -> 
  custom:video-encoder-webm-vp8: eb34c28f22e8b96e1ab97ce403110664 -> 
  custom:audio-encoder-webm-vorbis: bf7c407c2cedff20999df2af8eb42d56 -> 
  custom:framework-win-MediaFoundation: 216162199b28c13a410421893ffa2e32 -> 
  custom:container-demuxer-ogg: 62fdf1f143b41e24485cea50d1cbac27 -> 
  custom:video-decoder-webm-vp8: 9c59270c3fd7afecdb556c50c9e8de78 -> 
  custom:audio-decoder-ogg-vorbis: bf7c407c2cedff20999df2af8eb42d56 -> 
========================================================================
Received Import Request.
  Time since last request: 39089.746990 seconds.
  path: Assets/platformer-kit-2.2 (1)/Models/FBX format/blockCliff.fbx
  artifactKey: Guid(8e8425e7b85c3de49a1d3ced430016a0) Importer(815301076,1909f56bfc062723c751e8b465ee728b)
Start importing Assets/platformer-kit-2.2 (1)/Models/FBX format/blockCliff.fbx using Guid(8e8425e7b85c3de49a1d3ced430016a0) Importer(815301076,1909f56bfc062723c751e8b465ee728b)  -> (artifact id: 'c85209fb2cadb5e910c996eb676f240c') in 0.437653 seconds 
========================================================================
Received Import Request.
  Time since last request: 0.000050 seconds.
  path: Assets/platformer-kit-2.2 (1)/Models/FBX format/blockSnowHalf.fbx
  artifactKey: Guid(79e68c071cfdc8d47b4128572d2163a3) Importer(815301076,1909f56bfc062723c751e8b465ee728b)
Start importing Assets/platformer-kit-2.2 (1)/Models/FBX format/blockSnowHalf.fbx using Guid(79e68c071cfdc8d47b4128572d2163a3) Importer(815301076,1909f56bfc062723c751e8b465ee728b)  -> (artifact id: 'a2037490f861e4f62249d031fbf4c618') in 0.065197 seconds 
========================================================================
Received Import Request.
  Time since last request: 0.000046 seconds.
  path: Assets/platformer-kit-2.2 (1)/Models/FBX format/blockSnowCurveHalf.fbx
  artifactKey: Guid(fde3f18ce0b3d6f45a8cf8ac65567b32) Importer(815301076,1909f56bfc062723c751e8b465ee728b)
Start importing Assets/platformer-kit-2.2 (1)/Models/FBX format/blockSnowCurveHalf.fbx using Guid(fde3f18ce0b3d6f45a8cf8ac65567b32) Importer(815301076,1909f56bfc062723c751e8b465ee728b)  -> (artifact id: '0ee5fc05fd294b935496d879363b45c3') in 0.066500 seconds 
========================================================================
Received Import Request.
  Time since last request: 0.000054 seconds.
  path: Assets/platformer-kit-2.2 (1)/Models/FBX format/blockCurveLow.fbx
  artifactKey: Guid(6722e20cc525db840829710f1f33a07c) Importer(815301076,1909f56bfc062723c751e8b465ee728b)
Start importing Assets/platformer-kit-2.2 (1)/Models/FBX format/blockCurveLow.fbx using Guid(6722e20cc525db840829710f1f33a07c) Importer(815301076,1909f56bfc062723c751e8b465ee728b)  -> (artifact id: '4d36502d0f04e634805f76c5c3c9705c') in 0.065339 seconds 
========================================================================
Received Import Request.
  Time since last request: 0.000051 seconds.
  path: Assets/platformer-kit-2.2 (1)/Models/FBX format/blockRoundedLowLong.fbx
  artifactKey: Guid(8ff34a1816cf36f4d95afecbcee7da14) Importer(815301076,1909f56bfc062723c751e8b465ee728b)
Start importing Assets/platformer-kit-2.2 (1)/Models/FBX format/blockRoundedLowLong.fbx using Guid(8ff34a1816cf36f4d95afecbcee7da14) Importer(815301076,1909f56bfc062723c751e8b465ee728b)  -> (artifact id: 'e2d76d2dcbc3955a6bf3255b3c4c53f2') in 0.052307 seconds 
========================================================================
Received Import Request.
  Time since last request: 0.000085 seconds.
  path: Assets/platformer-kit-2.2 (1)/Models/FBX format/blockLong.fbx
  artifactKey: Guid(87b4ba795f9583947b310df461723d32) Importer(815301076,1909f56bfc062723c751e8b465ee728b)
Start importing Assets/platformer-kit-2.2 (1)/Models/FBX format/blockLong.fbx using Guid(87b4ba795f9583947b310df461723d32) Importer(815301076,1909f56bfc062723c751e8b465ee728b)  -> (artifact id: 'da3fc760d7c01359c03536a0f635993d') in 0.068087 seconds 
========================================================================
Received Import Request.
  Time since last request: 0.000080 seconds.
  path: Assets/platformer-kit-2.2 (1)/Models/FBX format/blockLarge.fbx
  artifactKey: Guid(eb68a47ed67fb7e4286d10421c5280bd) Importer(815301076,1909f56bfc062723c751e8b465ee728b)
Start importing Assets/platformer-kit-2.2 (1)/Models/FBX format/blockLarge.fbx using Guid(eb68a47ed67fb7e4286d10421c5280bd) Importer(815301076,1909f56bfc062723c751e8b465ee728b)  -> (artifact id: '6ae76f89630aab1944ef973072594cb7') in 0.084435 seconds 
========================================================================
Received Import Request.
  Time since last request: 0.000031 seconds.
  path: Assets/platformer-kit-2.2 (1)/Models/FBX format/blockRoundedLong.fbx
  artifactKey: Guid(aee9ee16f0cb4c94caf0293c5f14b4ef) Importer(815301076,1909f56bfc062723c751e8b465ee728b)
Start importing Assets/platformer-kit-2.2 (1)/Models/FBX format/blockRoundedLong.fbx using Guid(aee9ee16f0cb4c94caf0293c5f14b4ef) Importer(815301076,1909f56bfc062723c751e8b465ee728b)  -> (artifact id: '7ab6358215310f46144ad32caa1f1e78') in 0.061190 seconds 
========================================================================
Received Import Request.
  Time since last request: 1.549864 seconds.
  path: Assets/platformer-kit-2.2 (1)/Models/FBX format/blockSnowRoundedLowLong.fbx
  artifactKey: Guid(e82bdb6f1c6acbe4a8af23a9e634cf02) Importer(815301076,1909f56bfc062723c751e8b465ee728b)
Start importing Assets/platformer-kit-2.2 (1)/Models/FBX format/blockSnowRoundedLowLong.fbx using Guid(e82bdb6f1c6acbe4a8af23a9e634cf02) Importer(815301076,1909f56bfc062723c751e8b465ee728b)  -> (artifact id: '9033fdbedbffc32e78bdb0e553fc9392') in 0.049024 seconds 
========================================================================
Received Import Request.
  Time since last request: 0.000069 seconds.
  path: Assets/platformer-kit-2.2 (1)/Models/FBX format/blockSnowSlope.fbx
  artifactKey: Guid(ad6cf45316e20214e8e7c8315fdac49b) Importer(815301076,1909f56bfc062723c751e8b465ee728b)
Start importing Assets/platformer-kit-2.2 (1)/Models/FBX format/blockSnowSlope.fbx using Guid(ad6cf45316e20214e8e7c8315fdac49b) Importer(815301076,1909f56bfc062723c751e8b465ee728b)  -> (artifact id: 'eb16865833e01b65635f75801a32572a') in 0.071969 seconds 
========================================================================
Received Import Request.
  Time since last request: 0.000049 seconds.
  path: Assets/platformer-kit-2.2 (1)/Models/FBX format/bomb.fbx
  artifactKey: Guid(f68375fb073ae1749904d198e2e32abc) Importer(815301076,1909f56bfc062723c751e8b465ee728b)
Start importing Assets/platformer-kit-2.2 (1)/Models/FBX format/bomb.fbx using Guid(f68375fb073ae1749904d198e2e32abc) Importer(815301076,1909f56bfc062723c751e8b465ee728b)  -> (artifact id: '3b57ec7ed02dd884f6ecab96ac365f3d') in 0.057583 seconds 
========================================================================
Received Import Request.
  Time since last request: 0.460022 seconds.
  path: Assets/platformer-kit-2.2 (1)/Models/FBX format/coinSilver.fbx
  artifactKey: Guid(19f510347101d7e4980746d67a01cbaa) Importer(815301076,1909f56bfc062723c751e8b465ee728b)
Start importing Assets/platformer-kit-2.2 (1)/Models/FBX format/coinSilver.fbx using Guid(19f510347101d7e4980746d67a01cbaa) Importer(815301076,1909f56bfc062723c751e8b465ee728b)  -> (artifact id: 'f697185c2962c69074e2056d35635a75') in 0.060670 seconds 
========================================================================
Received Import Request.
  Time since last request: 0.000030 seconds.
  path: Assets/platformer-kit-2.2 (1)/Models/FBX format/flowers.fbx
  artifactKey: Guid(8b680e5953893934993c01ee814d9a1d) Importer(815301076,1909f56bfc062723c751e8b465ee728b)
Start importing Assets/platformer-kit-2.2 (1)/Models/FBX format/flowers.fbx using Guid(8b680e5953893934993c01ee814d9a1d) Importer(815301076,1909f56bfc062723c751e8b465ee728b)  -> (artifact id: 'd9dcdc2c3dbd98dd53fdb6aae2220647') in 0.120198 seconds 
========================================================================
Received Import Request.
  Time since last request: 0.000076 seconds.
  path: Assets/platformer-kit-2.2 (1)/Models/FBX format/fenceBroken.fbx
  artifactKey: Guid(84b2f192d854499468fb60f8bd80a9ae) Importer(815301076,1909f56bfc062723c751e8b465ee728b)
Start importing Assets/platformer-kit-2.2 (1)/Models/FBX format/fenceBroken.fbx using Guid(84b2f192d854499468fb60f8bd80a9ae) Importer(815301076,1909f56bfc062723c751e8b465ee728b)  -> (artifact id: '77bc7fb5384cc7209ac1f163f75ed90c') in 0.081272 seconds 
========================================================================
Received Import Request.
  Time since last request: 0.000049 seconds.
  path: Assets/platformer-kit-2.2 (1)/Models/FBX format/crateStrong.fbx
  artifactKey: Guid(9f35b2c4cebb91041b83aceed87e7a3c) Importer(815301076,1909f56bfc062723c751e8b465ee728b)
Start importing Assets/platformer-kit-2.2 (1)/Models/FBX format/crateStrong.fbx using Guid(9f35b2c4cebb91041b83aceed87e7a3c) Importer(815301076,1909f56bfc062723c751e8b465ee728b)  -> (artifact id: '9734b381b70ae2b2f8c3c8b6afa703ad') in 0.077763 seconds 
========================================================================
Received Import Request.
  Time since last request: 0.000088 seconds.
  path: Assets/platformer-kit-2.2 (1)/Models/FBX format/treePineSmallSnow.fbx
  artifactKey: Guid(5c99b6f1880673e49ad14bb9b680868b) Importer(815301076,1909f56bfc062723c751e8b465ee728b)
Start importing Assets/platformer-kit-2.2 (1)/Models/FBX format/treePineSmallSnow.fbx using Guid(5c99b6f1880673e49ad14bb9b680868b) Importer(815301076,1909f56bfc062723c751e8b465ee728b)  -> (artifact id: 'bad0fc34e3aa48c21d5a78a651a5d4b4') in 0.060285 seconds 
========================================================================
Received Import Request.
  Time since last request: 0.000058 seconds.
  path: Assets/platformer-kit-2.2 (1)/Models/FBX format/spikes.fbx
  artifactKey: Guid(3cb424308512c8748955a3533ce1573b) Importer(815301076,1909f56bfc062723c751e8b465ee728b)
Start importing Assets/platformer-kit-2.2 (1)/Models/FBX format/spikes.fbx using Guid(3cb424308512c8748955a3533ce1573b) Importer(815301076,1909f56bfc062723c751e8b465ee728b)  -> (artifact id: '0a862e359877d8269e37805e250c0a41') in 0.049874 seconds 
========================================================================
Received Import Request.
  Time since last request: 0.000033 seconds.
  path: Assets/platformer-kit-2.2 (1)/Models/FBX format/treeSnow.fbx
  artifactKey: Guid(fd23a28fb7a7716428954dbc18d307ba) Importer(815301076,1909f56bfc062723c751e8b465ee728b)
Start importing Assets/platformer-kit-2.2 (1)/Models/FBX format/treeSnow.fbx using Guid(fd23a28fb7a7716428954dbc18d307ba) Importer(815301076,1909f56bfc062723c751e8b465ee728b)  -> (artifact id: '1afaf4335bebd148f51b217d04edd345') in 0.067940 seconds 
========================================================================
Received Import Request.
  Time since last request: 0.000092 seconds.
  path: Assets/platformer-kit-2.2 (1)/Models/FBX format/sign.fbx
  artifactKey: Guid(13bbf511657fe304aa0084e85318a43a) Importer(815301076,1909f56bfc062723c751e8b465ee728b)
Start importing Assets/platformer-kit-2.2 (1)/Models/FBX format/sign.fbx using Guid(13bbf511657fe304aa0084e85318a43a) Importer(815301076,1909f56bfc062723c751e8b465ee728b)  -> (artifact id: '52b4912208b84c0f6f1362f9006055a7') in 0.073653 seconds 
========================================================================
Received Import Request.
  Time since last request: 0.000054 seconds.
  path: Assets/platformer-kit-2.2 (1)/Models/FBX format/flag.fbx
  artifactKey: Guid(d05942823aeb46840b41a3d746d50196) Importer(815301076,1909f56bfc062723c751e8b465ee728b)
Start importing Assets/platformer-kit-2.2 (1)/Models/FBX format/flag.fbx using Guid(d05942823aeb46840b41a3d746d50196) Importer(815301076,1909f56bfc062723c751e8b465ee728b)  -> (artifact id: '2d7908d9bb5034ac168684aa5bea3205') in 0.076432 seconds 
========================================================================
Received Import Request.
  Time since last request: 0.000035 seconds.
  path: Assets/platformer-kit-2.2 (1)/Models/FBX format/rocks.fbx
  artifactKey: Guid(9c0697ad02d915f4f972cdf5fd2d8cc0) Importer(815301076,1909f56bfc062723c751e8b465ee728b)
Start importing Assets/platformer-kit-2.2 (1)/Models/FBX format/rocks.fbx using Guid(9c0697ad02d915f4f972cdf5fd2d8cc0) Importer(815301076,1909f56bfc062723c751e8b465ee728b)  -> (artifact id: 'a08c3a03159275711ed7c4d00a160814') in 0.058388 seconds 
Editor requested this worker to shutdown with reason: Scaling down because of idle timeout
AssetImportWorker is now disconnected from the server
Process exiting
Exiting without the bug reporter. Application will terminate with return code 0