Using pre-set license
Built from '2021.3/staging' branch; Version is '2021.3.6f1 (7da38d85baf6) revision 8233869'; Using compiler version '192829333'; Build Type 'Release'
OS: 'Windows 10  (10.0.19044) 64bit Enterprise' Language: 'en' Physical Memory: 32560 MB
BatchMode: 1, IsHumanControllingUs: 0, StartBugReporterOnCrash: 0, Is64bit: 1, IsPro: 1

COMMAND LINE ARGUMENTS:
C:\Program Files\Unity\Hub\Editor\2021.3.6f1\Editor\Unity.exe
-adb2
-batchMode
-noUpm
-name
AssetImportWorker2
-projectPath
C:/Users/D00250465/Documents/GitHub/FinalVR/VrProjectTemplate
-logFile
Logs/AssetImportWorker2.log
-srvPort
50623
Successfully changed project path to: C:/Users/D00250465/Documents/GitHub/FinalVR/VrProjectTemplate
C:/Users/D00250465/Documents/GitHub/FinalVR/VrProjectTemplate
[UnityMemory] Configuration Parameters - Can be set up in boot.config
    "memorysetup-bucket-allocator-granularity=16"
    "memorysetup-bucket-allocator-bucket-count=8"
    "memorysetup-bucket-allocator-block-size=33554432"
    "memorysetup-bucket-allocator-block-count=8"
    "memorysetup-main-allocator-block-size=16777216"
    "memorysetup-thread-allocator-block-size=16777216"
    "memorysetup-gfx-main-allocator-block-size=16777216"
    "memorysetup-gfx-thread-allocator-block-size=16777216"
    "memorysetup-cache-allocator-block-size=4194304"
    "memorysetup-typetree-allocator-block-size=2097152"
    "memorysetup-profiler-bucket-allocator-granularity=16"
    "memorysetup-profiler-bucket-allocator-bucket-count=8"
    "memorysetup-profiler-bucket-allocator-block-size=33554432"
    "memorysetup-profiler-bucket-allocator-block-count=8"
    "memorysetup-profiler-allocator-block-size=16777216"
    "memorysetup-profiler-editor-allocator-block-size=1048576"
    "memorysetup-temp-allocator-size-main=16777216"
    "memorysetup-job-temp-allocator-block-size=2097152"
    "memorysetup-job-temp-allocator-block-size-background=1048576"
    "memorysetup-job-temp-allocator-reduction-small-platforms=262144"
    "memorysetup-temp-allocator-size-background-worker=32768"
    "memorysetup-temp-allocator-size-job-worker=262144"
    "memorysetup-temp-allocator-size-preload-manager=33554432"
    "memorysetup-temp-allocator-size-nav-mesh-worker=65536"
    "memorysetup-temp-allocator-size-audio-worker=65536"
    "memorysetup-temp-allocator-size-cloud-worker=32768"
    "memorysetup-temp-allocator-size-gi-baking-worker=262144"
    "memorysetup-temp-allocator-size-gfx=262144"
Refreshing native plugins compatible for Editor in 163.37 ms, found 12 plugins.
Preloading 1 native plugins for Editor in 0.83 ms.
Initialize engine version: 2021.3.6f1 (7da38d85baf6)
[Subsystems] Discovering subsystems at path C:/Program Files/Unity/Hub/Editor/2021.3.6f1/Editor/Data/Resources/UnitySubsystems
[Subsystems] Discovering subsystems at path C:/Users/D00250465/Documents/GitHub/FinalVR/VrProjectTemplate/Assets
GfxDevice: creating device client; threaded=0; jobified=0
Direct3D:
    Version:  Direct3D 11.0 [level 11.1]
    Renderer: NVIDIA GeForce RTX 3060 (ID=0x2504)
    Vendor:   NVIDIA
    VRAM:     12142 MB
    Driver:   31.0.15.1659
Initialize mono
Mono path[0] = 'C:/Program Files/Unity/Hub/Editor/2021.3.6f1/Editor/Data/Managed'
Mono path[1] = 'C:/Program Files/Unity/Hub/Editor/2021.3.6f1/Editor/Data/MonoBleedingEdge/lib/mono/unityjit-win32'
Mono config path = 'C:/Program Files/Unity/Hub/Editor/2021.3.6f1/Editor/Data/MonoBleedingEdge/etc'
Using monoOptions --debugger-agent=transport=dt_socket,embedding=1,server=y,suspend=n,address=127.0.0.1:56704
Begin MonoManager ReloadAssembly
Registering precompiled unity dll's ...
Register platform support module: C:/Program Files/Unity/Hub/Editor/2021.3.6f1/Editor/Data/PlaybackEngines/WebGLSupport/UnityEditor.WebGL.Extensions.dll
Register platform support module: C:/Program Files/Unity/Hub/Editor/2021.3.6f1/Editor/Data/PlaybackEngines/WindowsStandaloneSupport/UnityEditor.WindowsStandalone.Extensions.dll
Registered in 0.008276 seconds.
Native extension for WindowsStandalone target not found
Native extension for WebGL target not found
Refreshing native plugins compatible for Editor in 147.63 ms, found 12 plugins.
Preloading 1 native plugins for Editor in 0.09 ms.
Mono: successfully reloaded assembly
- Completed reload, in  0.756 seconds
Domain Reload Profiling:
	ReloadAssembly (756ms)
		BeginReloadAssembly (74ms)
			ExecutionOrderSort (0ms)
			DisableScriptedObjects (0ms)
			BackupInstance (0ms)
			ReleaseScriptingObjects (0ms)
			CreateAndSetChildDomain (1ms)
		EndReloadAssembly (561ms)
			LoadAssemblies (72ms)
			RebuildTransferFunctionScriptingTraits (0ms)
			SetupTypeCache (112ms)
			ReleaseScriptCaches (0ms)
			RebuildScriptCaches (31ms)
			SetupLoadedEditorAssemblies (358ms)
				LogAssemblyErrors (0ms)
				InitializePlatformSupportModulesInManaged (10ms)
				SetLoadedEditorAssemblies (0ms)
				RefreshPlugins (148ms)
				BeforeProcessingInitializeOnLoad (1ms)
				ProcessInitializeOnLoadAttributes (151ms)
				ProcessInitializeOnLoadMethodAttributes (47ms)
				AfterProcessingInitializeOnLoad (0ms)
				EditorAssembliesLoaded (0ms)
			ExecutionOrderSort2 (0ms)
			AwakeInstancesAfterBackupRestoration (0ms)
Platform modules already initialized, skipping
Registering precompiled user dll's ...
Registered in 0.012786 seconds.
Begin MonoManager ReloadAssembly
Symbol file LoadedFromMemory doesn't match image C:\Users\D00250465\Documents\GitHub\FinalVR\VrProjectTemplate\Library\PackageCache\com.unity.visualscripting@1.7.8\Editor\VisualScripting.Core\Dependencies\DotNetZip\Unity.VisualScripting.IonicZip.dll
Symbol file LoadedFromMemory doesn't match image C:\Users\D00250465\Documents\GitHub\FinalVR\VrProjectTemplate\Library\PackageCache\com.unity.visualscripting@1.7.8\Editor\VisualScripting.Core\Dependencies\YamlDotNet\Unity.VisualScripting.YamlDotNet.dll
Native extension for WindowsStandalone target not found
Native extension for WebGL target not found
Refreshing native plugins compatible for Editor in 152.95 ms, found 12 plugins.
Preloading 1 native plugins for Editor in 0.09 ms.
Package Manager log level set to [2]
System.Reflection.TargetInvocationException: Exception has been thrown by the target of an invocation. ---> System.NullReferenceException: Object reference not set to an instance of an object
  at Unity.XR.Oculus.OculusLoader.AssetPathToAbsolutePath (System.String assetPath) [0x0003d] in C:\Users\D00250465\Documents\GitHub\FinalVR\VrProjectTemplate\Library\PackageCache\com.unity.xr.oculus@3.0.2\Runtime\OculusLoader.cs:271 
  at Unity.XR.Oculus.OculusLoader.EditorLoadOVRPlugin () [0x0007b] in C:\Users\D00250465\Documents\GitHub\FinalVR\VrProjectTemplate\Library\PackageCache\com.unity.xr.oculus@3.0.2\Runtime\OculusLoader.cs:256 
  at (wrapper managed-to-native) System.Reflection.RuntimeMethodInfo.InternalInvoke(System.Reflection.RuntimeMethodInfo,object,object[],System.Exception&)
  at System.Reflection.RuntimeMethodInfo.Invoke (System.Object obj, System.Reflection.BindingFlags invokeAttr, System.Reflection.Binder binder, System.Object[] parameters, System.Globalization.CultureInfo culture) [0x0006a] in <e40e5a8f982c4b618a930d29f9bd091c>:0 
   --- End of inner exception stack trace ---
  at System.Reflection.RuntimeMethodInfo.Invoke (System.Object obj, System.Reflection.BindingFlags invokeAttr, System.Reflection.Binder binder, System.Object[] parameters, System.Globalization.CultureInfo culture) [0x00083] in <e40e5a8f982c4b618a930d29f9bd091c>:0 
  at System.Reflection.MethodBase.Invoke (System.Object obj, System.Object[] parameters) [0x00000] in <e40e5a8f982c4b618a930d29f9bd091c>:0 
  at UnityEditor.EditorAssemblies.ProcessInitializeOnLoadMethodAttributes () [0x000a5] in <44a70d1b13cf47e29810e30f45ffae08>:0 
UnityEngine.StackTraceUtility:ExtractStackTrace ()
UnityEngine.DebugLogHandler:LogFormat (UnityEngine.LogType,UnityEngine.Object,string,object[])
UnityEngine.Logger:Log (UnityEngine.LogType,object)
UnityEngine.Debug:LogError (object)
UnityEditor.EditorAssemblies:ProcessInitializeOnLoadMethodAttributes ()

Mono: successfully reloaded assembly
- Completed reload, in  1.652 seconds
Domain Reload Profiling:
	ReloadAssembly (1653ms)
		BeginReloadAssembly (108ms)
			ExecutionOrderSort (0ms)
			DisableScriptedObjects (6ms)
			BackupInstance (0ms)
			ReleaseScriptingObjects (0ms)
			CreateAndSetChildDomain (18ms)
		EndReloadAssembly (1415ms)
			LoadAssemblies (90ms)
			RebuildTransferFunctionScriptingTraits (0ms)
			SetupTypeCache (317ms)
			ReleaseScriptCaches (1ms)
			RebuildScriptCaches (81ms)
			SetupLoadedEditorAssemblies (857ms)
				LogAssemblyErrors (0ms)
				InitializePlatformSupportModulesInManaged (8ms)
				SetLoadedEditorAssemblies (0ms)
				RefreshPlugins (153ms)
				BeforeProcessingInitializeOnLoad (174ms)
				ProcessInitializeOnLoadAttributes (413ms)
				ProcessInitializeOnLoadMethodAttributes (101ms)
				AfterProcessingInitializeOnLoad (8ms)
				EditorAssembliesLoaded (0ms)
			ExecutionOrderSort2 (0ms)
			AwakeInstancesAfterBackupRestoration (7ms)
Platform modules already initialized, skipping
========================================================================
Worker process is ready to serve import requests
Launched and connected shader compiler UnityShaderCompiler.exe after 0.03 seconds
Refreshing native plugins compatible for Editor in 1.46 ms, found 12 plugins.
Preloading 1 native plugins for Editor in 0.14 ms.
Unloading 6392 Unused Serialized files (Serialized files now loaded: 0)
Unloading 61 unused Assets / (0.7 MB). Loaded Objects now: 6848.
Memory consumption went from 279.5 MB to 278.8 MB.
Total: 4.605700 ms (FindLiveObjects: 0.818100 ms CreateObjectMapping: 0.225400 ms MarkObjects: 3.182800 ms  DeleteObjects: 0.378200 ms)

AssetImportParameters requested are different than current active one (requested -> active):
  custom:video-decoder-ogg-theora: a1e56fd34408186e4bbccfd4996cb3dc -> 
  custom:container-muxer-webm: aa71ff27fc2769a1b78a27578f13a17b -> 
  custom:container-demuxer-webm: 4f35f7cbe854078d1ac9338744f61a02 -> 
  custom:video-encoder-webm-vp8: eb34c28f22e8b96e1ab97ce403110664 -> 
  custom:audio-encoder-webm-vorbis: bf7c407c2cedff20999df2af8eb42d56 -> 
  custom:framework-win-MediaFoundation: 216162199b28c13a410421893ffa2e32 -> 
  custom:container-demuxer-ogg: 62fdf1f143b41e24485cea50d1cbac27 -> 
  custom:video-decoder-webm-vp8: 9c59270c3fd7afecdb556c50c9e8de78 -> 
  custom:audio-decoder-ogg-vorbis: bf7c407c2cedff20999df2af8eb42d56 -> 
========================================================================
Received Import Request.
  Time since last request: 332502.744795 seconds.
  path: Assets/Prefabs/IcoSphere.prefab
  artifactKey: Guid(2853d93ff09a8a24baebe317bc9b0902) Importer(815301076,1909f56bfc062723c751e8b465ee728b)
Start importing Assets/Prefabs/IcoSphere.prefab using Guid(2853d93ff09a8a24baebe317bc9b0902) Importer(815301076,1909f56bfc062723c751e8b465ee728b)  -> (artifact id: 'aacc531eb86e720d1b63319d24a43c91') in 0.067086 seconds 
========================================================================
Received Import Request.
  Time since last request: 11.341266 seconds.
  path: Assets/platformer-kit-2.2 (1)/Models/DAE format/blockCliff.dae
  artifactKey: Guid(35a324c072013254790d920374ff28b3) Importer(815301076,1909f56bfc062723c751e8b465ee728b)
Start importing Assets/platformer-kit-2.2 (1)/Models/DAE format/blockCliff.dae using Guid(35a324c072013254790d920374ff28b3) Importer(815301076,1909f56bfc062723c751e8b465ee728b)  -> (artifact id: '810e7c6688d39735bcca56b18ecdafca') in 0.299138 seconds 
========================================================================
Received Import Request.
  Time since last request: 1.445447 seconds.
  path: Assets/platformer-kit-2.2 (1)/Models/OBJ format/blockDirt.obj
  artifactKey: Guid(10c1eda8b11773b40907bc7135c3b9f1) Importer(815301076,1909f56bfc062723c751e8b465ee728b)
Start importing Assets/platformer-kit-2.2 (1)/Models/OBJ format/blockDirt.obj using Guid(10c1eda8b11773b40907bc7135c3b9f1) Importer(815301076,1909f56bfc062723c751e8b465ee728b)  -> (artifact id: 'd4453c3f3530591df552ffedbdcb7701') in 0.059616 seconds 
========================================================================
Received Import Request.
  Time since last request: 0.312404 seconds.
  path: Assets/platformer-kit-2.2 (1)/Models/DAE format/blockDirtHalf.dae
  artifactKey: Guid(263dd2a0fa7d6e845be17ec349613191) Importer(815301076,1909f56bfc062723c751e8b465ee728b)
Start importing Assets/platformer-kit-2.2 (1)/Models/DAE format/blockDirtHalf.dae using Guid(263dd2a0fa7d6e845be17ec349613191) Importer(815301076,1909f56bfc062723c751e8b465ee728b)  -> (artifact id: '08cc819b22184fd6fd050a5ba4942d17') in 0.035323 seconds 
========================================================================
Received Import Request.
  Time since last request: 0.000056 seconds.
  path: Assets/platformer-kit-2.2 (1)/Models/DAE format/blockDirtRamp.dae
  artifactKey: Guid(c3e8767475a95234e82fbe3e479a04d9) Importer(815301076,1909f56bfc062723c751e8b465ee728b)
Start importing Assets/platformer-kit-2.2 (1)/Models/DAE format/blockDirtRamp.dae using Guid(c3e8767475a95234e82fbe3e479a04d9) Importer(815301076,1909f56bfc062723c751e8b465ee728b)  -> (artifact id: 'c3c6dfad7e4376ae44cd33358fc89d61') in 0.032280 seconds 
========================================================================
Received Import Request.
  Time since last request: 0.000037 seconds.
  path: Assets/platformer-kit-2.2 (1)/Models/DAE format/blockDirtRampHalf.dae
  artifactKey: Guid(899790bab067b4a468001d9f22452713) Importer(815301076,1909f56bfc062723c751e8b465ee728b)
Start importing Assets/platformer-kit-2.2 (1)/Models/DAE format/blockDirtRampHalf.dae using Guid(899790bab067b4a468001d9f22452713) Importer(815301076,1909f56bfc062723c751e8b465ee728b)  -> (artifact id: '55ab7d333c65bf0d897b8590db6de31e') in 0.030097 seconds 
========================================================================
Received Import Request.
  Time since last request: 0.180970 seconds.
  path: Assets/platformer-kit-2.2 (1)/Models/DAE format/blockMoving.dae
  artifactKey: Guid(b4b9e603bed71744ea1d1a2cd7739b11) Importer(815301076,1909f56bfc062723c751e8b465ee728b)
Start importing Assets/platformer-kit-2.2 (1)/Models/DAE format/blockMoving.dae using Guid(b4b9e603bed71744ea1d1a2cd7739b11) Importer(815301076,1909f56bfc062723c751e8b465ee728b)  -> (artifact id: 'ec28ebcd63b45b496b9c1efd33e7ab24') in 0.045849 seconds 
========================================================================
Received Import Request.
  Time since last request: 0.242749 seconds.
  path: Assets/platformer-kit-2.2 (1)/Models/DAE format/blockMovingBlue.dae
  artifactKey: Guid(165f0b0a355de6442a2c163bca891a5a) Importer(815301076,1909f56bfc062723c751e8b465ee728b)
Start importing Assets/platformer-kit-2.2 (1)/Models/DAE format/blockMovingBlue.dae using Guid(165f0b0a355de6442a2c163bca891a5a) Importer(815301076,1909f56bfc062723c751e8b465ee728b)  -> (artifact id: '79cb5906b54f244a3a9c1162759b9897') in 0.039886 seconds 
========================================================================
Received Import Request.
  Time since last request: 0.000028 seconds.
  path: Assets/platformer-kit-2.2 (1)/Models/OBJ format/blockMovingLarge.obj
  artifactKey: Guid(218a77916049af54bb882415f8aee6d2) Importer(815301076,1909f56bfc062723c751e8b465ee728b)
Start importing Assets/platformer-kit-2.2 (1)/Models/OBJ format/blockMovingLarge.obj using Guid(218a77916049af54bb882415f8aee6d2) Importer(815301076,1909f56bfc062723c751e8b465ee728b)  -> (artifact id: '82577abf2ab8acb261e006a0c6f996ce') in 0.056762 seconds 
========================================================================
Received Import Request.
  Time since last request: 0.219483 seconds.
  path: Assets/platformer-kit-2.2 (1)/Models/DAE format/blockSnowCliff.dae
  artifactKey: Guid(54e3fe87a640b3b449522e11dca8aa04) Importer(815301076,1909f56bfc062723c751e8b465ee728b)
Start importing Assets/platformer-kit-2.2 (1)/Models/DAE format/blockSnowCliff.dae using Guid(54e3fe87a640b3b449522e11dca8aa04) Importer(815301076,1909f56bfc062723c751e8b465ee728b)  -> (artifact id: '8cd94570b1ee01671f46a7d5ed37135b') in 0.040517 seconds 
========================================================================
Received Import Request.
  Time since last request: 0.000029 seconds.
  path: Assets/platformer-kit-2.2 (1)/Models/OBJ format/blockSnowCliffCorner.obj
  artifactKey: Guid(3e7748331c8a3d0458f4b0f27d8c4135) Importer(815301076,1909f56bfc062723c751e8b465ee728b)
Start importing Assets/platformer-kit-2.2 (1)/Models/OBJ format/blockSnowCliffCorner.obj using Guid(3e7748331c8a3d0458f4b0f27d8c4135) Importer(815301076,1909f56bfc062723c751e8b465ee728b)  -> (artifact id: '2ad2d36cc8ca5561027286401b74e468') in 0.048261 seconds 
========================================================================
Received Import Request.
  Time since last request: 0.000044 seconds.
  path: Assets/platformer-kit-2.2 (1)/Models/DAE format/blockSnowCliffCorner.dae
  artifactKey: Guid(73115cf333ce1da4c8349819c79f470c) Importer(815301076,1909f56bfc062723c751e8b465ee728b)
Start importing Assets/platformer-kit-2.2 (1)/Models/DAE format/blockSnowCliffCorner.dae using Guid(73115cf333ce1da4c8349819c79f470c) Importer(815301076,1909f56bfc062723c751e8b465ee728b)  -> (artifact id: '81dd8b88601308fccdea38fb6eb3c594') in 0.037473 seconds 
========================================================================
Received Import Request.
  Time since last request: 0.131586 seconds.
  path: Assets/platformer-kit-2.2 (1)/Models/OBJ format/bridge.obj
  artifactKey: Guid(ccc1afa33fea5094d8d29572de732e54) Importer(815301076,1909f56bfc062723c751e8b465ee728b)
Start importing Assets/platformer-kit-2.2 (1)/Models/OBJ format/bridge.obj using Guid(ccc1afa33fea5094d8d29572de732e54) Importer(815301076,1909f56bfc062723c751e8b465ee728b)  -> (artifact id: '99a3b39827a21843500517419a8a5c3f') in 0.047353 seconds 
========================================================================
Received Import Request.
  Time since last request: 0.000027 seconds.
  path: Assets/platformer-kit-2.2 (1)/Models/DAE format/bridgeHalf.dae
  artifactKey: Guid(566583c14072d134d9947a5903604823) Importer(815301076,1909f56bfc062723c751e8b465ee728b)
Start importing Assets/platformer-kit-2.2 (1)/Models/DAE format/bridgeHalf.dae using Guid(566583c14072d134d9947a5903604823) Importer(815301076,1909f56bfc062723c751e8b465ee728b)  -> (artifact id: 'e61272c2c453bf106418d646c5e5de5c') in 0.039892 seconds 
========================================================================
Received Import Request.
  Time since last request: 0.000026 seconds.
  path: Assets/DigitalKonstrukt/Prototyping_Pack_Free/Resources/Meshes/Bridges/PTK_Bridge_Medium.fbx
  artifactKey: Guid(411748f0a2f7f8247b4777562f960ba5) Importer(815301076,1909f56bfc062723c751e8b465ee728b)
Start importing Assets/DigitalKonstrukt/Prototyping_Pack_Free/Resources/Meshes/Bridges/PTK_Bridge_Medium.fbx using Guid(411748f0a2f7f8247b4777562f960ba5) Importer(815301076,1909f56bfc062723c751e8b465ee728b)  -> (artifact id: '3ecbcf6e54fbfa3cedd48b3bc01e4195') in 0.027591 seconds 
Editor requested this worker to shutdown with reason: Scaling down because of idle timeout
AssetImportWorker is now disconnected from the server
Process exiting
Exiting without the bug reporter. Application will terminate with return code 0